<?xml version="1.0" encoding="UTF-8"?>
<!-- Generated by org.testng.reporters.JUnitReportReporter -->
<testsuite hostname="DESKTOP-NQRVBRR" failures="0" tests="1" name="testLogic" time="0.024" errors="0" timestamp="2022-09-15T14:47:19 IST" skipped="0">
  <testcase classname="testLogic" name="testcase1" time="0.024"/>
  <system-out/>
</testsuite> <!-- testLogic -->
